=== JSON Parse Error Debug Log ===
file=assets/json/exams/bread_20110731.json
batch=2/6
ids=bread_20110731_11..bread_20110731_20
error_type=JSONDecodeError
error=Extra data: line 103 column 1 (char 3918)
response_len=3919
first_open_brace_index=0
last_close_brace_index=3918

=== RESPONSE HEAD (first 1000 chars) ===
{
  "bread_20110731_11": {
    "correctExplanation": "산은 pH를 낮추고, 중조(소다)는 알칼리성으로 pH를 높이는 역할을 합니다. 따라서 산과 중조의 역할을 반대로 설명한 것이 잘못되었습니다.",
    "wrongAnswerNotes": [
      "1번: 베이킹파우더는 중조에 산성제와 전분을 혼합하여 중화시킨 것입니다.",
      "2번: 베이킹파우더는 산과 알칼리의 반응으로 이산화탄소를 발생시켜 팽창합니다.",
      "3번: 화학적 팽창제인 베이킹파우더는 케이크나 쿠키 제조에 널리 쓰입니다.",
      "4번: 산은 pH를 낮추고 중조는 pH를 높이는 것이 올바른 개념입니다."
    ],
    "examTip": "산은 pH를 낮추고, 중조(알칼리)는 pH를 높인다."
  },
  "bread_20110731_12": {
    "correctExplanation": "젤리 롤 케이크는 얇게 펴서 굽는 제품이므로 팬 종이를 팬 높이보다 높게 할 필요가 없으며, 오히려 롤을 말 때 방해가 됩니다.",
    "wrongAnswerNotes": [
      "1번: 롤 케이크는 얇게 구우므로 팬 높이보다 높게 종이를 깔지 않습니다.",
      "2번: 균일한 두께를 위해 고르게 하기 위해 고무주걱으로 평평하게 폅니다.",
      "3번: 기포가 꺼지면 부피가 작아지므로 신속한 팬닝이 필수입니다.",
      "4번: 남은 반죽은 무늬를 내는 용도로 활용하는 것이 일반적입니다."
    ],
    "examTip": "젤리 롤 케이크 팬 종이는 팬 높이와 비슷하게 맞춘다."
  },
  "bread_20110731_13": {
    "correctExplanation": "구운 후 철판에 그대로 두면 잔열로 인해 과하게 익거나 수분이 증발하여 롤을 말 때 갈라질 수 있습니다. 따라서 즉시 철판에서 분리하여 냉각해야 합니다.",
    "wrongAnswerNotes": [
     

=== RESPONSE TAIL (last 1000 chars) ===
변과 직접적인 관련이 적습니다.",
      "2번: 효모는 발효를 담당하며 갈변 반응의 주체는 아닙니다.",
      "3번: 마이야르 반응과 캐러멜화가 빵의 색을 결정하는 핵심입니다.",
      "4번: 클로로필은 녹색 색소로 열에 의해 갈색으로 변할 수 있으나 빵의 주된 갈변 원인은 아닙니다."
    ],
    "examTip": "빵의 갈변은 마이야르 반응과 캐러멜화 반응이다."
  },
  "bread_20110731_19": {
    "correctExplanation": "제빵에서 2차 발효의 적정 시점은 제품의 최종 부피와 조직을 결정하며, 일반적으로 완제품 용적의 70~80% 정도가 되었을 때 오븐에 넣는 것이 가장 좋습니다.",
    "wrongAnswerNotes": [
      "1번: 발효가 너무 부족하여 제품이 작게 나옵니다.",
      "2번: 발효가 부족하여 조직이 조밀해집니다.",
      "3번: 70~80%가 오븐 스프링을 고려한 최적의 발효점입니다.",
      "4번: 과발효되어 제품이 주저앉을 위험이 큽니다."
    ],
    "examTip": "2차 발효는 완제품의 70~80% 지점이다."
  },
  "bread_20110731_20": {
    "correctExplanation": "냉동 반죽법에서는 효모의 활성을 억제하고 반죽의 안정성을 유지하기 위해 혼합 후 반죽 온도를 20℃ 정도로 낮게 유지하는 것이 적합합니다.",
    "wrongAnswerNotes": [
      "1번: 너무 낮으면 효모가 완전히 활동을 멈추거나 반죽이 얼 수 있습니다.",
      "2번: 너무 낮아 발효가 지나치게 지연됩니다.",
      "3번: 20℃는 냉동 반죽의 효모 활성을 조절하기 적당한 온도입니다.",
      "4번: 30℃는 일반 제빵 온도이며 냉동 반죽에는 너무 높습니다."
    ],
    "examTip": "냉동 반죽의 혼합 후 적정 온도는 20℃이다."
  }
}
}

=== FULL RESPONSE ===
{
  "bread_20110731_11": {
    "correctExplanation": "산은 pH를 낮추고, 중조(소다)는 알칼리성으로 pH를 높이는 역할을 합니다. 따라서 산과 중조의 역할을 반대로 설명한 것이 잘못되었습니다.",
    "wrongAnswerNotes": [
      "1번: 베이킹파우더는 중조에 산성제와 전분을 혼합하여 중화시킨 것입니다.",
      "2번: 베이킹파우더는 산과 알칼리의 반응으로 이산화탄소를 발생시켜 팽창합니다.",
      "3번: 화학적 팽창제인 베이킹파우더는 케이크나 쿠키 제조에 널리 쓰입니다.",
      "4번: 산은 pH를 낮추고 중조는 pH를 높이는 것이 올바른 개념입니다."
    ],
    "examTip": "산은 pH를 낮추고, 중조(알칼리)는 pH를 높인다."
  },
  "bread_20110731_12": {
    "correctExplanation": "젤리 롤 케이크는 얇게 펴서 굽는 제품이므로 팬 종이를 팬 높이보다 높게 할 필요가 없으며, 오히려 롤을 말 때 방해가 됩니다.",
    "wrongAnswerNotes": [
      "1번: 롤 케이크는 얇게 구우므로 팬 높이보다 높게 종이를 깔지 않습니다.",
      "2번: 균일한 두께를 위해 고르게 하기 위해 고무주걱으로 평평하게 폅니다.",
      "3번: 기포가 꺼지면 부피가 작아지므로 신속한 팬닝이 필수입니다.",
      "4번: 남은 반죽은 무늬를 내는 용도로 활용하는 것이 일반적입니다."
    ],
    "examTip": "젤리 롤 케이크 팬 종이는 팬 높이와 비슷하게 맞춘다."
  },
  "bread_20110731_13": {
    "correctExplanation": "구운 후 철판에 그대로 두면 잔열로 인해 과하게 익거나 수분이 증발하여 롤을 말 때 갈라질 수 있습니다. 따라서 즉시 철판에서 분리하여 냉각해야 합니다.",
    "wrongAnswerNotes": [
      "1번: 두꺼운 반죽은 내부까지 익히기 위해 낮은 온도에서 굽습니다.",
      "2번: 구운 후 즉시 철판에서 분리해야 수분 손실과 과도한 익힘을 방지합니다.",
      "3번: 양이 적은 반죽은 높은 온도에서 짧게 굽는 것이 효율적입니다.",
      "4번: 롤 케이크는 식기 전에 압력을 가해 수평을 맞추고 형태를 잡습니다."
    ],
    "examTip": "롤 케이크는 구운 직후 철판에서 바로 꺼낸다."
  },
  "bread_20110731_14": {
    "correctExplanation": "도넛 글레이즈의 적정 품온은 43~49℃ 사이입니다. 이 온도보다 낮으면 글레이즈가 너무 두껍게 입혀지고, 높으면 너무 얇게 입혀집니다.",
    "wrongAnswerNotes": [
      "1번: 너무 낮은 온도로 글레이즈가 제대로 녹지 않거나 굳어버립니다.",
      "2번: 적정 온도보다 낮아 글레이즈가 두껍게 입혀집니다.",
      "3번: 적정 온도보다 낮아 글레이즈가 두껍게 입혀집니다.",
      "4번: 43~49℃가 글레이즈가 적절한 농도로 입혀지는 표준 온도입니다."
    ],
    "examTip": "도넛 글레이즈 온도는 43~49℃를 기억하세요."
  },
  "bread_20110731_15": {
    "correctExplanation": "오븐 온도가 높으면 껍질이 빨리 형성되어 내부 팽창이 억제되므로 부피가 작아집니다. 수분 손실로 부피가 작아진다는 설명은 오븐 온도가 낮을 때의 현상과 더 가깝습니다.",
    "wrongAnswerNotes": [
      "1번: 계란은 기포를 보유하여 부피를 형성하는 핵심 재료입니다.",
      "2번: 유지의 크림성이 나쁘면 공기 혼입이 적어 부피가 작아집니다.",
      "3번: 높은 온도는 껍질을 빨리 굳게 하여 팽창을 방해합니다.",
      "4번: 수분 손실로 인한 부피 감소는 주로 낮은 온도에서 오래 구울 때 발생합니다."
    ],
    "examTip": "오븐 온도가 높으면 껍질이 빨리 굳어 부피가 작아진다."
  },
  "bread_20110731_16": {
    "correctExplanation": "무게 단위 변환에서 1kg은 1,000g입니다. 이는 기본적인 도량형 단위 체계입니다.",
    "wrongAnswerNotes": [
      "1번: 1kg은 1000g입니다.",
      "2번: 1kg은 1000g입니다.",
      "3번: 1kg은 1000g이 맞습니다.",
      "4번: 1kg은 1000g입니다."
    ],
    "examTip": "1kg은 1,000g이다."
  },
  "bread_20110731_17": {
    "correctExplanation": "배합표는 재료의 비율과 양을 나타내는 문서로, 생산 기준, 원가 산출, 재료 파악에는 쓰이지만 국가별 빵의 종류를 파악하는 용도로는 사용되지 않습니다.",
    "wrongAnswerNotes": [
      "1번: 배합표는 표준 생산량을 결정하는 기준이 됩니다.",
      "2번: 필요한 재료의 총량을 계산하는 기초 자료입니다.",
      "3번: 재료비 계산을 통해 제품의 원가를 산출합니다.",
      "4번: 배합표는 제품 제조를 위한 정보이지 국가별 분류 정보가 아닙니다."
    ],
    "examTip": "배합표는 생산과 원가 계산용이지 국가 분류용이 아니다."
  },
  "bread_20110731_18": {
    "correctExplanation": "빵의 껍질색이 갈색으로 변하는 것은 당과 아미노산이 반응하는 마이야르 반응과 당이 열에 의해 분해되는 캐러멜화 반응 때문입니다.",
    "wrongAnswerNotes": [
      "1번: 비타민 C 산화는 갈변과 직접적인 관련이 적습니다.",
      "2번: 효모는 발효를 담당하며 갈변 반응의 주체는 아닙니다.",
      "3번: 마이야르 반응과 캐러멜화가 빵의 색을 결정하는 핵심입니다.",
      "4번: 클로로필은 녹색 색소로 열에 의해 갈색으로 변할 수 있으나 빵의 주된 갈변 원인은 아닙니다."
    ],
    "examTip": "빵의 갈변은 마이야르 반응과 캐러멜화 반응이다."
  },
  "bread_20110731_19": {
    "correctExplanation": "제빵에서 2차 발효의 적정 시점은 제품의 최종 부피와 조직을 결정하며, 일반적으로 완제품 용적의 70~80% 정도가 되었을 때 오븐에 넣는 것이 가장 좋습니다.",
    "wrongAnswerNotes": [
      "1번: 발효가 너무 부족하여 제품이 작게 나옵니다.",
      "2번: 발효가 부족하여 조직이 조밀해집니다.",
      "3번: 70~80%가 오븐 스프링을 고려한 최적의 발효점입니다.",
      "4번: 과발효되어 제품이 주저앉을 위험이 큽니다."
    ],
    "examTip": "2차 발효는 완제품의 70~80% 지점이다."
  },
  "bread_20110731_20": {
    "correctExplanation": "냉동 반죽법에서는 효모의 활성을 억제하고 반죽의 안정성을 유지하기 위해 혼합 후 반죽 온도를 20℃ 정도로 낮게 유지하는 것이 적합합니다.",
    "wrongAnswerNotes": [
      "1번: 너무 낮으면 효모가 완전히 활동을 멈추거나 반죽이 얼 수 있습니다.",
      "2번: 너무 낮아 발효가 지나치게 지연됩니다.",
      "3번: 20℃는 냉동 반죽의 효모 활성을 조절하기 적당한 온도입니다.",
      "4번: 30℃는 일반 제빵 온도이며 냉동 반죽에는 너무 높습니다."
    ],
    "examTip": "냉동 반죽의 혼합 후 적정 온도는 20℃이다."
  }
}
}
