=== JSON Parse Error Debug Log ===
file=assets/json/exams/pastry_20020721.json
batch=1/6
ids=pastry_20020721_1..pastry_20020721_10
error_type=JSONDecodeError
error=Expecting value: line 9 column 5 (char 383)
response_len=3816
first_open_brace_index=0
last_close_brace_index=3815

=== RESPONSE HEAD (first 1000 chars) ===
{
  "pastry_20020721_1": {
    "correctExplanation": "일반적인 파운드 케이크는 밀가루, 설탕, 계란, 유지를 1:1:1:1의 동일한 비율로 배합하는 것이 표준입니다. 특정 재료의 비율이 높아지면 파운드 케이크 고유의 균형 잡힌 식감을 얻기 어렵습니다.",
    "wrongAnswerNotes": [
      "1번: 계란과 버터의 비율이 밀가루보다 높아 반죽이 불안정해집니다.",
      "2번: 1:1:1:1 비율은 파운드 케이크의 가장 기본적인 배합입니다.",
      "3번: 밀가루와 설탕의 비율이 너무 높아 제품이 지나치게 단단해집니다.",
      "4번: 밀가루 비율이 높아 제품이 퍽퍽해질 수 있습니다.",
    ],
    "examTip": "파운드 케이크는 1:1:1:1(밀설계유)을 기억하세요."
  },
  "pastry_20020721_2": {
    "correctExplanation": "옐로우 레이어 케이크의 적정 반죽 온도는 24℃ 내외입니다. 이 온도는 반죽 내 유화 상태를 최적으로 유지하여 제품의 부피와 조직을 좋게 만듭니다.",
    "wrongAnswerNotes": [
      "1번: 온도가 너무 낮아 유지가 굳고 유화가 원활하지 않습니다.",
      "2번: 적정 온도보다 낮아 기포 형성이 충분하지 않습니다.",
      "3번: 24℃는 레이어 케이크의 표준 반죽 온도입니다.",
      "4번: 온도가 너무 높아 유지가 녹아 분리될 위험이 있습니다."
    ],
    "examTip": "옐로우 레이어 케이크는 24℃를 암기하세요."
  },
  "pastry_20020721_3": {
    "correctExplanation": "반죽 비중이 정상보다 높다는 것은 반죽 내 공기 포집량이 적다는 의미입니다. 공기가 적게 포함되면 기공이 조밀해지고 제품의 부피가 작아집니다.",
    "wrongAnswerNotes": [
      "1번: 비중이

=== RESPONSE TAIL (last 1000 chars) ===
gAnswerNotes": [
      "1번: 온도가 낮아 아이싱이 너무 빨리 굳습니다.",
      "2번: 온도가 낮아 작업성이 떨어집니다.",
      "3번: 40℃는 도우넛 아이싱의 표준 작업 온도입니다.",
      "4번: 온도가 높아 아이싱이 얇게 입혀지거나 흘러내립니다."
    ],
    "examTip": "도우넛 아이싱 온도는 40℃."
  },
  "pastry_20020721_9": {
    "correctExplanation": "튀김기름의 산패를 촉진하는 4대 요소는 열, 수분, 공기(산소), 이물질입니다. 이 요소들을 제어해야 기름의 품질을 오래 유지할 수 있습니다.",
    "wrongAnswerNotes": [
      "1번: 탄소는 산패 요소가 아닙니다.",
      "2번: 열, 수분, 공기, 이물질이 산패의 주원인입니다.",
      "3번: 수소와 탄소는 산패의 직접적인 요소가 아닙니다.",
      "4번: 수소는 산패 요소가 아닙니다."
    ],
    "examTip": "튀김기름 산패 4요소: 열, 수분, 공기, 이물질."
  },
  "pastry_20020721_10": {
    "correctExplanation": "소프트롤의 겉면이 터지는 것은 반죽이 너무 단단하거나 유연성이 부족할 때 발생합니다. 반죽의 비중을 낮추면 기포가 많아져 오히려 조직이 약해지거나 터짐을 방지하는 근본적인 해결책이 되지 않습니다.",
    "wrongAnswerNotes": [
      "1번: 과도한 굽기를 방지하여 수분을 유지합니다.",
      "2번: 물엿은 보습성을 높여 터짐을 방지합니다.",
      "3번: 비중을 낮추는 것은 터짐 방지와 직접적인 관련이 적거나 오히려 악영향을 줍니다.",
      "4번: 덱스트린은 점착성을 주어 터짐을 방지합니다."
    ],
    "examTip": "롤케이크 터짐 방지: 보습성 강화(물엿, 덱스트린) 및 과다 굽기 방지."
  }
}

=== FULL RESPONSE ===
{
  "pastry_20020721_1": {
    "correctExplanation": "일반적인 파운드 케이크는 밀가루, 설탕, 계란, 유지를 1:1:1:1의 동일한 비율로 배합하는 것이 표준입니다. 특정 재료의 비율이 높아지면 파운드 케이크 고유의 균형 잡힌 식감을 얻기 어렵습니다.",
    "wrongAnswerNotes": [
      "1번: 계란과 버터의 비율이 밀가루보다 높아 반죽이 불안정해집니다.",
      "2번: 1:1:1:1 비율은 파운드 케이크의 가장 기본적인 배합입니다.",
      "3번: 밀가루와 설탕의 비율이 너무 높아 제품이 지나치게 단단해집니다.",
      "4번: 밀가루 비율이 높아 제품이 퍽퍽해질 수 있습니다.",
    ],
    "examTip": "파운드 케이크는 1:1:1:1(밀설계유)을 기억하세요."
  },
  "pastry_20020721_2": {
    "correctExplanation": "옐로우 레이어 케이크의 적정 반죽 온도는 24℃ 내외입니다. 이 온도는 반죽 내 유화 상태를 최적으로 유지하여 제품의 부피와 조직을 좋게 만듭니다.",
    "wrongAnswerNotes": [
      "1번: 온도가 너무 낮아 유지가 굳고 유화가 원활하지 않습니다.",
      "2번: 적정 온도보다 낮아 기포 형성이 충분하지 않습니다.",
      "3번: 24℃는 레이어 케이크의 표준 반죽 온도입니다.",
      "4번: 온도가 너무 높아 유지가 녹아 분리될 위험이 있습니다."
    ],
    "examTip": "옐로우 레이어 케이크는 24℃를 암기하세요."
  },
  "pastry_20020721_3": {
    "correctExplanation": "반죽 비중이 정상보다 높다는 것은 반죽 내 공기 포집량이 적다는 의미입니다. 공기가 적게 포함되면 기공이 조밀해지고 제품의 부피가 작아집니다.",
    "wrongAnswerNotes": [
      "1번: 비중이 높으면 공기가 적어 부피가 작아집니다.",
      "2번: 비중이 낮을 때 큰 기포가 발생하기 쉽습니다.",
      "3번: 비중이 높으면 무게에 비해 무거운 제품이 됩니다.",
      "4번: 공기 포집이 적어 기공이 촘촘하고 조밀해집니다."
    ],
    "examTip": "비중 높음 = 공기 적음 = 기공 조밀 = 부피 작음."
  },
  "pastry_20020721_4": {
    "correctExplanation": "푸딩은 계란의 단백질이 열에 의해 응고되는 성질을 이용한 제품입니다. 따라서 계란의 양을 조절하여 푸딩의 굳기(경도)를 결정합니다.",
    "wrongAnswerNotes": [
      "1번: 베이킹파우더는 팽창제이므로 경도와 무관합니다.",
      "2번: 설탕은 단맛과 보습력을 조절합니다.",
      "3번: 계란의 응고 작용이 푸딩의 단단함을 결정합니다.",
      "4번: 소금은 맛을 조절하는 부재료입니다."
    ],
    "examTip": "푸딩의 굳기는 계란(단백질 응고)이 결정합니다."
  },
  "pastry_20020721_5": {
    "correctExplanation": "블렌딩법은 밀가루와 유지를 먼저 믹싱하여 유지로 밀가루 입자를 코팅한 후 나머지 재료를 넣는 방식입니다. 이 방법은 글루텐 형성을 억제하여 제품을 매우 부드럽게 만듭니다.",
    "wrongAnswerNotes": [
      "1번: 크림법은 유지와 설탕을 먼저 믹싱하는 방법입니다.",
      "2번: 블렌딩법은 유연감을 극대화하는 믹싱법입니다.",
      "3번: 설탕, 물법은 설탕과 물을 먼저 섞는 방식입니다.",
      "4번: 1단계법은 모든 재료를 한 번에 넣고 믹싱합니다."
    ],
    "examTip": "유연감 우선, 밀가루와 유지 선믹싱 = 블렌딩법."
  },
  "pastry_20020721_6": {
    "correctExplanation": "총 필요한 완제품 무게는 440g * 500개 = 220,000g(220kg)입니다. 굽기 손실이 12%이므로 반죽 무게는 220kg / (1 - 0.12) = 250kg이 됩니다.",
    "wrongAnswerNotes": [
      "1번: 계산 결과가 맞지 않습니다.",
      "2번: 220kg / 0.88 = 250kg으로 정답입니다.",
      "3번: 계산 결과가 맞지 않습니다.",
      "4번: 계산 결과가 맞지 않습니다."
    ],
    "examTip": "반죽량 = 완제품 / (1 - 손실률) 공식 적용."
  },
  "pastry_20020721_7": {
    "correctExplanation": "모카 아이싱은 커피를 주재료로 사용하여 특유의 향과 맛을 내는 아이싱입니다. 커피의 농도와 종류에 따라 모카 아이싱의 풍미가 결정됩니다.",
    "wrongAnswerNotes": [
      "1번: 모카는 커피를 의미하므로 커피가 핵심입니다.",
      "2번: 코코아는 초콜릿 아이싱의 주재료입니다.",
      "3번: 초콜릿은 초콜릿 아이싱의 주재료입니다.",
      "4번: 분당은 아이싱의 기본 베이스일 뿐 특징을 결정하지 않습니다."
    ],
    "examTip": "모카 = 커피."
  },
  "pastry_20020721_8": {
    "correctExplanation": "도우넛 설탕 아이싱은 너무 뜨거우면 흘러내리고 너무 차가우면 굳어버립니다. 적절한 점도와 광택을 유지하기 위해 40℃ 전후의 온도가 가장 적당합니다.",
    "wrongAnswerNotes": [
      "1번: 온도가 낮아 아이싱이 너무 빨리 굳습니다.",
      "2번: 온도가 낮아 작업성이 떨어집니다.",
      "3번: 40℃는 도우넛 아이싱의 표준 작업 온도입니다.",
      "4번: 온도가 높아 아이싱이 얇게 입혀지거나 흘러내립니다."
    ],
    "examTip": "도우넛 아이싱 온도는 40℃."
  },
  "pastry_20020721_9": {
    "correctExplanation": "튀김기름의 산패를 촉진하는 4대 요소는 열, 수분, 공기(산소), 이물질입니다. 이 요소들을 제어해야 기름의 품질을 오래 유지할 수 있습니다.",
    "wrongAnswerNotes": [
      "1번: 탄소는 산패 요소가 아닙니다.",
      "2번: 열, 수분, 공기, 이물질이 산패의 주원인입니다.",
      "3번: 수소와 탄소는 산패의 직접적인 요소가 아닙니다.",
      "4번: 수소는 산패 요소가 아닙니다."
    ],
    "examTip": "튀김기름 산패 4요소: 열, 수분, 공기, 이물질."
  },
  "pastry_20020721_10": {
    "correctExplanation": "소프트롤의 겉면이 터지는 것은 반죽이 너무 단단하거나 유연성이 부족할 때 발생합니다. 반죽의 비중을 낮추면 기포가 많아져 오히려 조직이 약해지거나 터짐을 방지하는 근본적인 해결책이 되지 않습니다.",
    "wrongAnswerNotes": [
      "1번: 과도한 굽기를 방지하여 수분을 유지합니다.",
      "2번: 물엿은 보습성을 높여 터짐을 방지합니다.",
      "3번: 비중을 낮추는 것은 터짐 방지와 직접적인 관련이 적거나 오히려 악영향을 줍니다.",
      "4번: 덱스트린은 점착성을 주어 터짐을 방지합니다."
    ],
    "examTip": "롤케이크 터짐 방지: 보습성 강화(물엿, 덱스트린) 및 과다 굽기 방지."
  }
}
